precipice
buttressed
venerable
demonstrate
intelligentsia
comeuppance
bigotry
bigot
put out
canonical
glibness
pathological
callous
promiscuous
delinquency
adept
carnage
coltsfoot
eviscerate
anachronism
denounce
cozenage
euphemism
tone-deaf
stringent
frigid
ad nauseam
bootleg
shill
rampart
fervour
second
idiosyncratic
relegate
propensity
incarcerate
apprehensive
overgrown
feral
gawk
malignant
benign
articulate
cater
ballpark
fortitude
hunker down
foil
autistic
concur
accord
proliferate
conservative
liberal
colloquialism
clear
Linux
contrived
live wire
comprehensive
bloat
patronizing
influential
exonerated
semitic
poster child
coleslaw
virtuous
incongruity
recuperate
insinuate
jaded
niche
idyllic
banality
trite
sardonic
disdain
blood money
innocuous
arbitrariness
whim
Capri
caprice
yearn
interred
Shetland
subjective
ad-lib
legacy
wank
pander
skimp
lobotomy
attenuate
abridge
multiculturalism
social welfare
class
acquit
bureaucracy
ethical
cultural
construct
overseer
consolidation
proud
pride
rationalization
scrutinize
status quo
attune
moot
agnostic
protege
upshot
contempt
petulant
slop
blither
discretion
paradigm
statute
digress
unsolicited
harrowing
epistemic
epistemology
dissident
elitist
Realtor
gratuitous
white elephant
badger
badgering
empiricism
innate
dogfight
formidable
connoisseur
cud
xenophobia
fluke
volition
complacent
contend
disavow
avow
degenerate
objectivity
quackery
utilitarianism
repugnant
idiosyncrasy
poker face
hearsay
allegory
conscience
warmonger
retrospectively
contentious
cavalcade
kismet
portmanteau
vicariously
apropos
fervent
crony
CRO
endeavour
leery
normative
untenable
voyeurism
proactive
vigilance
brandish
cohort
geriatric
narcolepsy
immaculately
douche
credence
intractable
adherent
sulk
intersperse
emasculate
coitus
rheum
orifice
infantile
pillock
musing
digression
cynicism
cynical
centrist
subterfuge
insurgency
aesthetic
aesthetics
gaffer
ascender
addendum
discombobulate
loiter
precedent
tenable
loco
forte
entice
infallible
Ubermensch
pique
flamboyant
ostentation
pragmatic
whiplash
romp
hiatus
turf
ludicrous
farce
ingenuous
ingenuity
disingenuous
philanthropy
immolate
gander
exposition
stoic
cynic
corny
hyponym
Jay
chafing
evangelise
coerce
entail
redemptive
redemption
haze
superfluous
amortize
apothegm
vertigo
capsize
excrement
furrowed
sporadic
appalled
inept
diplomatic
diplomacy
disfigure
embellish
embellishment
incessant
surcease
kiosk
cellist
prune
indict
chauvinist
satire
archipelago
emissary
infatuated
echo
fidelity
cougar
bereave
implode
dexterity
polyglot
vapid
bludgeon
manifesto
concession
diffident
shunning
fist
riff
cadence
antisemitic
subservient
interlocutor
Ashkenazi
trope
ostensible
slander
capsizing
Shostakovich
insufferable
gaslight
ethereal
epiphany
collude
qualm
Panacea
inebriated
ostracize
hysterical
suburban
slovenly
vanity
ad hoc
infatuate
serif
hermetic
disposition
bootstrap
extraneous
varsity
flaccid
ergo
renegade
malfeasance
eulogy
passerine
prodigal
ameliorate
antagonist
bourgeoisie
gratis
delirious
delirium
conflicting
package
process
hunker
hackneyed
concerto
pedagogically
didactic
oligarchy
venal
solicit
solicitation
commentary
ergodic
stochastic
coy
predisposed
incendiary
euphemistic
destitution
loose cannon
transgression
transgress
en route
conflate
pacifist
nigh
chalazion
edit
colloquially
colloquial
numerology
facetious
vain
scapegoat
nubile
incoherently
piffle
alma mater
retribution
covenant
obstinate
tenacious
consign
prudence
indubitably
anodyne
panoply
indigestion
flippant
grok
covertly
covert
exempt
callus
jest
operant conditioning
extortion
coercion
beckon
desolate
sextant
actuarial
actuary
0
cathartic
brevity
heed
scathing
indictment
prelude
pedagogy
pedagogical
lieu
verbatim
snobbery
hoodwink
requite
eloquently
eloquence
corollary
serendipity
dissent
roster
astute
coven
ontology
taster
vacillation
tautological
artifice
agoraphobic
barrister
soliloquy
